2021-10-21T21:37:45+00:00 ERROR Error getting remote inbox notification data feed
2021-10-21T21:37:45+00:00 ERROR WP_Error Object
(
    [errors] => Array
        (
            [http_request_failed] => Array
                (
                    [0] => cURL error 35: OpenSSL SSL_connect: Connection was reset in connection to woocommerce.com:443 
                )

        )

    [error_data] => Array
        (
        )

    [additional_data:protected] => Array
        (
        )

)

2021-10-21T21:37:45+00:00 ERROR Error getting remote inbox notification data feed
2021-10-21T21:37:45+00:00 ERROR WP_Error Object
(
    [errors] => Array
        (
            [http_request_failed] => Array
                (
                    [0] => cURL error 35: OpenSSL SSL_connect: Connection was reset in connection to woocommerce.com:443 
                )

        )

    [error_data] => Array
        (
        )

    [additional_data:protected] => Array
        (
        )

)

